<?xml version="1.0" encoding="UTF-8"?>
<testsuites name="TS01 - Login, Add Member" time="62.864" tests="2" failures="0" errors="0">
   <testsuite name="TS01 - Login, Add Member" tests="2" failures="0" errors="0" time="62.864" skipped="0" timestamp="2021-08-26 16:03:27" hostname="admin - DESKTOP-53OG93O" id="Test Suites/Profile_Tab_TestSuite/Group_Details_TestSuite/Actions_TestSuite/TS01 - Login, Add Member">
      <properties>
         <property name="deviceName" value=""/>
         <property name="devicePlatform" value=""/>
         <property name="logFolder" value="C:\\Users\\admin\\git\\Renter-Dashboard-Reskin\\Reports\\20210826_160321\\Profile_Tab_TestSuite\\Group_Details_TestSuite\\Actions_TestSuite\\TS01 - Login, Add Member\\20210826_160321"/>
         <property name="logFiles" value="C:\\Users\\admin\\git\\Renter-Dashboard-Reskin\\Reports\\20210826_160321\\Profile_Tab_TestSuite\\Group_Details_TestSuite\\Actions_TestSuite\\TS01 - Login, Add Member\\20210826_160321\\execution0.log"/>
         <property name="attachments" value=""/>
         <property name="hostName" value="admin - DESKTOP-53OG93O"/>
         <property name="os" value="Windows 10 64bit"/>
         <property name="katalonVersion" value="8.1.0.208"/>
         <property name="browser" value="Chrome 92.0.4515.159"/>
         <property name="hostAddress" value="192.168.1.7"/>
         <property name="sessionId" value="031b4eb29f1c7e5a0b3f5785598de873"/>
         <property name="seleniumVersion" value="3.141.59"/>
         <property name="proxyInformation" value="ProxyInformation { proxyOption=NO_PROXY, proxyServerType=HTTP, username=, password=********, proxyServerAddress=, proxyServerPort=0, executionList=&quot;&quot;, isApplyToDesiredCapabilities=true }"/>
         <property name="platform" value="Windows 10"/>
      </properties>
      <testcase name="Test Cases/Login/login_renterdash" time="33.219" classname="Test Cases/Login/login_renterdash" status="PASSED">
         <system-out><![CDATA[2021-08-26 16:03:28 - [TEST_CASE][PASSED] - Test Cases/Login/login_renterdash: Test Cases/Login/login_renterdash

2021-08-26 16:03:29 - [TEST_STEP][PASSED] - openBrowser(""): Browser is opened with url: ''

2021-08-26 16:03:30 - [MESSAGE][INFO] - Starting 'Chrome' driver

2021-08-26 16:03:30 - [MESSAGE][INFO] - Action delay is set to 0 milliseconds

2021-08-26 16:03:33 - [MESSAGE][PASSED] - Browser is opened with url: ''

2021-08-26 16:03:33 - [TEST_STEP][PASSED] - navigateToUrl("https://renterdashboard.winston.cerberuslink.net/login"): Navigate to 'https://renterdashboard.winston.cerberuslink.net/login' successfully

2021-08-26 16:03:37 - [MESSAGE][PASSED] - Navigate to 'https://renterdashboard.winston.cerberuslink.net/login' successfully

2021-08-26 16:03:37 - [TEST_STEP][PASSED] - setText(findTestObject("Object Repository/Login_TestObjects/Page_Poplar Homes/input__email"), "jerrold+imusgrove32@onerent.co"): Text 'jerrold+imusgrove32@onerent.co' is set on object 'Object Repository/Login_TestObjects/Page_Poplar Homes/input__email'

2021-08-26 16:03:38 - [MESSAGE][PASSED] - Text 'jerrold+imusgrove32@onerent.co' is set on object 'Object Repository/Login_TestObjects/Page_Poplar Homes/input__email'

2021-08-26 16:03:38 - [TEST_STEP][PASSED] - setEncryptedText(findTestObject("Object Repository/Login_TestObjects/Page_Poplar Homes/input__password"), "pK4N7w/gtfGay7FzPRwAOg=="): Text ****** has been set on object 'Object Repository/Login_TestObjects/Page_Poplar Homes/input__password'

2021-08-26 16:03:39 - [MESSAGE][PASSED] - Text ****** has been set on object 'Object Repository/Login_TestObjects/Page_Poplar Homes/input__password'

2021-08-26 16:03:39 - [TEST_STEP][PASSED] - click(findTestObject("Object Repository/Login_TestObjects/Page_Poplar Homes/button_Log in")): Object: 'Object Repository/Login_TestObjects/Page_Poplar Homes/button_Log in' is clicked on

2021-08-26 16:03:40 - [MESSAGE][PASSED] - Object: 'Object Repository/Login_TestObjects/Page_Poplar Homes/button_Log in' is clicked on

2021-08-26 16:03:40 - [TEST_STEP][PASSED] - delay(20, STOP_ON_FAILURE): Delayed 20 second(s)

2021-08-26 16:04:00 - [MESSAGE][PASSED] - Delayed 20 second(s)

2021-08-26 16:04:00 - [TEST_STEP][PASSED] - waitForElementVisible(findTestObject("Login_TestObjects/Page_Poplar Homes/div_General DetailsCompleted"), 20, STOP_ON_FAILURE): Object 'Object Repository/Login_TestObjects/Page_Poplar Homes/div_General DetailsCompleted' is visible

2021-08-26 16:04:01 - [MESSAGE][PASSED] - Object 'Object Repository/Login_TestObjects/Page_Poplar Homes/div_General DetailsCompleted' is visible]]></system-out>
         <system-err><![CDATA[]]></system-err>
      </testcase>
      <testcase name="Test Cases/Profile_Tab/Group_Details/Actions/TC04 - Add Member" time="27.179" classname="Test Cases/Profile_Tab/Group_Details/Actions/TC04 - Add Member" status="PASSED">
         <system-out><![CDATA[2021-08-26 16:04:01 - [TEST_CASE][PASSED] - Test Cases/Profile_Tab/Group_Details/Actions/TC04 - Add Member: Test Cases/Profile_Tab/Group_Details/Actions/TC04 - Add Member

2021-08-26 16:04:02 - [TEST_STEP][PASSED] - click(findTestObject("Object Repository/Actions_AddMember/Page_Poplar Homes/div_Group DetailsCompleted")): Object: 'Object Repository/Actions_AddMember/Page_Poplar Homes/div_Group DetailsCompleted' is clicked on

2021-08-26 16:04:03 - [MESSAGE][PASSED] - Object: 'Object Repository/Actions_AddMember/Page_Poplar Homes/div_Group DetailsCompleted' is clicked on

2021-08-26 16:04:03 - [TEST_STEP][PASSED] - click(findTestObject("Object Repository/Actions_AddMember/Page_Poplar Homes/button_Actions")): Object: 'Object Repository/Actions_AddMember/Page_Poplar Homes/button_Actions' is clicked on

2021-08-26 16:04:03 - [MESSAGE][PASSED] - Object: 'Object Repository/Actions_AddMember/Page_Poplar Homes/button_Actions' is clicked on

2021-08-26 16:04:03 - [TEST_STEP][PASSED] - click(findTestObject("Object Repository/Actions_AddMember/Page_Poplar Homes/button_Add a Member")): Object: 'Object Repository/Actions_AddMember/Page_Poplar Homes/button_Add a Member' is clicked on

2021-08-26 16:04:04 - [MESSAGE][PASSED] - Object: 'Object Repository/Actions_AddMember/Page_Poplar Homes/button_Add a Member' is clicked on

2021-08-26 16:04:04 - [TEST_STEP][PASSED] - setText(findTestObject("Object Repository/Actions_AddMember/Page_Poplar Homes/input__firstName"), "Bea"): Text 'Bea' is set on object 'Object Repository/Actions_AddMember/Page_Poplar Homes/input__firstName'

2021-08-26 16:04:05 - [MESSAGE][PASSED] - Text 'Bea' is set on object 'Object Repository/Actions_AddMember/Page_Poplar Homes/input__firstName'

2021-08-26 16:04:05 - [TEST_STEP][PASSED] - setText(findTestObject("Object Repository/Actions_AddMember/Page_Poplar Homes/input__lastName"), "Alonzo"): Text 'Alonzo' is set on object 'Object Repository/Actions_AddMember/Page_Poplar Homes/input__lastName'

2021-08-26 16:04:06 - [MESSAGE][PASSED] - Text 'Alonzo' is set on object 'Object Repository/Actions_AddMember/Page_Poplar Homes/input__lastName'

2021-08-26 16:04:06 - [TEST_STEP][PASSED] - setText(findTestObject("Object Repository/Actions_AddMember/Page_Poplar Homes/input__email_1"), "beaalonzo@gmail.com"): Text 'beaalonzo@gmail.com' is set on object 'Object Repository/Actions_AddMember/Page_Poplar Homes/input__email_1'

2021-08-26 16:04:07 - [MESSAGE][PASSED] - Text 'beaalonzo@gmail.com' is set on object 'Object Repository/Actions_AddMember/Page_Poplar Homes/input__email_1'

2021-08-26 16:04:07 - [TEST_STEP][PASSED] - setText(findTestObject("Object Repository/Actions_AddMember/Page_Poplar Homes/input__phone"), "1 (231) 231-2312"): Text '1 (231) 231-2312' is set on object 'Object Repository/Actions_AddMember/Page_Poplar Homes/input__phone'

2021-08-26 16:04:08 - [MESSAGE][PASSED] - Text '1 (231) 231-2312' is set on object 'Object Repository/Actions_AddMember/Page_Poplar Homes/input__phone'

2021-08-26 16:04:08 - [TEST_STEP][PASSED] - selectOptionByValue(findTestObject("Object Repository/Actions_AddMember/Page_Poplar Homes/select_MonthJanuaryFebruaryMarchAprilMayJun_aa9ebb"), "June", true): All options with value 'June' are selected in object 'Object Repository/Actions_AddMember/Page_Poplar Homes/select_MonthJanuaryFebruaryMarchAprilMayJun_aa9ebb'  using regular expression

2021-08-26 16:04:10 - [MESSAGE][PASSED] - All options with value 'June' are selected in object 'Object Repository/Actions_AddMember/Page_Poplar Homes/select_MonthJanuaryFebruaryMarchAprilMayJun_aa9ebb'  using regular expression

2021-08-26 16:04:10 - [TEST_STEP][PASSED] - selectOptionByValue(findTestObject("Object Repository/Actions_AddMember/Page_Poplar Homes/select_Day123456789101112131415161718192021_71ec95"), "15", true): All options with value '15' are selected in object 'Object Repository/Actions_AddMember/Page_Poplar Homes/select_Day123456789101112131415161718192021_71ec95'  using regular expression

2021-08-26 16:04:12 - [MESSAGE][PASSED] - All options with value '15' are selected in object 'Object Repository/Actions_AddMember/Page_Poplar Homes/select_Day123456789101112131415161718192021_71ec95'  using regular expression

2021-08-26 16:04:12 - [TEST_STEP][PASSED] - selectOptionByValue(findTestObject("Object Repository/Actions_AddMember/Page_Poplar Homes/select_Year20212020201920182017201620152014_f874ed"), "1967", true): All options with value '1967' are selected in object 'Object Repository/Actions_AddMember/Page_Poplar Homes/select_Year20212020201920182017201620152014_f874ed'  using regular expression

2021-08-26 16:04:16 - [MESSAGE][PASSED] - All options with value '1967' are selected in object 'Object Repository/Actions_AddMember/Page_Poplar Homes/select_Year20212020201920182017201620152014_f874ed'  using regular expression

2021-08-26 16:04:16 - [TEST_STEP][PASSED] - setText(findTestObject("Object Repository/Actions_AddMember/Page_Poplar Homes/input__fullAddress"), "32"): Text '32' is set on object 'Object Repository/Actions_AddMember/Page_Poplar Homes/input__fullAddress'

2021-08-26 16:04:17 - [MESSAGE][PASSED] - Text '32' is set on object 'Object Repository/Actions_AddMember/Page_Poplar Homes/input__fullAddress'

2021-08-26 16:04:17 - [TEST_STEP][PASSED] - delay(5): Delayed 5 second(s)

2021-08-26 16:04:22 - [MESSAGE][PASSED] - Delayed 5 second(s)

2021-08-26 16:04:22 - [TEST_STEP][PASSED] - click(findTestObject("Object Repository/Actions_AddMember/Page_Poplar Homes/p_300 Vesey Street, New York, NY, USA")): Object: 'Object Repository/Actions_AddMember/Page_Poplar Homes/p_300 Vesey Street, New York, NY, USA' is clicked on

2021-08-26 16:04:22 - [MESSAGE][PASSED] - Object: 'Object Repository/Actions_AddMember/Page_Poplar Homes/p_300 Vesey Street, New York, NY, USA' is clicked on

2021-08-26 16:04:22 - [TEST_STEP][PASSED] - setText(findTestObject("Object Repository/Actions_AddMember/Page_Poplar Homes/input__unitNumber"), "121"): Text '121' is set on object 'Object Repository/Actions_AddMember/Page_Poplar Homes/input__unitNumber'

2021-08-26 16:04:24 - [MESSAGE][PASSED] - Text '121' is set on object 'Object Repository/Actions_AddMember/Page_Poplar Homes/input__unitNumber'

2021-08-26 16:04:24 - [TEST_STEP][PASSED] - click(findTestObject("Object Repository/Actions_AddMember/Page_Poplar Homes/button_Employed")): Object: 'Object Repository/Actions_AddMember/Page_Poplar Homes/button_Employed' is clicked on

2021-08-26 16:04:24 - [MESSAGE][PASSED] - Object: 'Object Repository/Actions_AddMember/Page_Poplar Homes/button_Employed' is clicked on

2021-08-26 16:04:24 - [TEST_STEP][PASSED] - setText(findTestObject("Object Repository/Actions_AddMember/Page_Poplar Homes/input__employer"), "GMA Network"): Text 'GMA Network' is set on object 'Object Repository/Actions_AddMember/Page_Poplar Homes/input__employer'

2021-08-26 16:04:25 - [MESSAGE][PASSED] - Text 'GMA Network' is set on object 'Object Repository/Actions_AddMember/Page_Poplar Homes/input__employer'

2021-08-26 16:04:25 - [TEST_STEP][PASSED] - setText(findTestObject("Object Repository/Actions_AddMember/Page_Poplar Homes/input__employmentStatement"), "Test"): Text 'Test' is set on object 'Object Repository/Actions_AddMember/Page_Poplar Homes/input__employmentStatement'

2021-08-26 16:04:26 - [MESSAGE][PASSED] - Text 'Test' is set on object 'Object Repository/Actions_AddMember/Page_Poplar Homes/input__employmentStatement'

2021-08-26 16:04:26 - [TEST_STEP][PASSED] - setText(findTestObject("Object Repository/Actions_AddMember/Page_Poplar Homes/input__declaredMonthlyIncome"), "2000"): Text '2000' is set on object 'Object Repository/Actions_AddMember/Page_Poplar Homes/input__declaredMonthlyIncome'

2021-08-26 16:04:27 - [MESSAGE][PASSED] - Text '2000' is set on object 'Object Repository/Actions_AddMember/Page_Poplar Homes/input__declaredMonthlyIncome'

2021-08-26 16:04:27 - [TEST_STEP][PASSED] - setText(findTestObject("Object Repository/Actions_AddMember/Page_Poplar Homes/input__workEmail"), "beaalonzo@gmanetwork.com"): Text 'beaalonzo@gmanetwork.com' is set on object 'Object Repository/Actions_AddMember/Page_Poplar Homes/input__workEmail'

2021-08-26 16:04:28 - [MESSAGE][PASSED] - Text 'beaalonzo@gmanetwork.com' is set on object 'Object Repository/Actions_AddMember/Page_Poplar Homes/input__workEmail']]></system-out>
         <system-err><![CDATA[]]></system-err>
      </testcase>
      <system-out><![CDATA[2021-08-26 16:03:27 - [TEST_SUITE][PASSED] - TS01 - Login, Add Member: Test Cases/Profile_Tab/Group_Details/Actions/TC04 - Add Member]]></system-out>
      <system-err><![CDATA[]]></system-err>
   </testsuite>
</testsuites>
