<?xml version="1.0" encoding="UTF-8"?>
<testsuites name="TS03 - Login, Add Cosigner" time="76.187" tests="2" failures="0" errors="0">
   <testsuite name="TS03 - Login, Add Cosigner" tests="2" failures="0" errors="0" time="76.187" skipped="0" timestamp="2021-08-31 08:28:47" hostname="admin - DESKTOP-53OG93O" id="Test Suites/Profile_Tab_TestSuite/Group_Details_TestSuite/Actions_TestSuite/TS03 - Login, Add Cosigner">
      <properties>
         <property name="deviceName" value=""/>
         <property name="devicePlatform" value=""/>
         <property name="logFolder" value="C:\\Users\\admin\\git\\Renter-Dashboard-Reskin\\Reports\\20210831_082836\\Profile_Tab_TestSuite\\Group_Details_TestSuite\\Actions_TestSuite\\TS03 - Login, Add Cosigner\\20210831_082836"/>
         <property name="logFiles" value="C:\\Users\\admin\\git\\Renter-Dashboard-Reskin\\Reports\\20210831_082836\\Profile_Tab_TestSuite\\Group_Details_TestSuite\\Actions_TestSuite\\TS03 - Login, Add Cosigner\\20210831_082836\\execution0.log"/>
         <property name="attachments" value=""/>
         <property name="hostName" value="admin - DESKTOP-53OG93O"/>
         <property name="os" value="Windows 10 64bit"/>
         <property name="katalonVersion" value="8.1.0.208"/>
         <property name="browser" value="Chrome 92.0.4515.159"/>
         <property name="hostAddress" value="192.168.1.6"/>
         <property name="sessionId" value="cdc2277c07c9a8b41561701425091c92"/>
         <property name="seleniumVersion" value="3.141.59"/>
         <property name="proxyInformation" value="ProxyInformation { proxyOption=NO_PROXY, proxyServerType=HTTP, username=, password=********, proxyServerAddress=, proxyServerPort=0, executionList=&quot;&quot;, isApplyToDesiredCapabilities=true }"/>
         <property name="platform" value="Windows 10"/>
      </properties>
      <testcase name="Test Cases/Login/TC01 - login_renterdash" time="36.492" classname="Test Cases/Login/TC01 - login_renterdash" status="PASSED">
         <system-out><![CDATA[2021-08-31 08:28:48 - [TEST_CASE][PASSED] - Test Cases/Login/TC01 - login_renterdash: Test Cases/Login/TC01 - login_renterdash

2021-08-31 08:28:49 - [TEST_STEP][PASSED] - openBrowser(""): Browser is opened with url: ''

2021-08-31 08:28:50 - [MESSAGE][INFO] - Starting 'Chrome' driver

2021-08-31 08:28:50 - [MESSAGE][INFO] - Action delay is set to 0 milliseconds

2021-08-31 08:28:52 - [MESSAGE][PASSED] - Browser is opened with url: ''

2021-08-31 08:28:52 - [TEST_STEP][PASSED] - navigateToUrl(URL): Navigate to 'https://renterdashboard.jam.cerberuslink.net/login' successfully

2021-08-31 08:28:57 - [MESSAGE][PASSED] - Navigate to 'https://renterdashboard.jam.cerberuslink.net/login' successfully

2021-08-31 08:28:57 - [TEST_STEP][PASSED] - setText(findTestObject("Object Repository/Login_TestObjects/Page_Poplar Homes/input__email"), Email_Jerrold2): Text 'jerrold+hthornhill334@onerent.co' is set on object 'Object Repository/Login_TestObjects/Page_Poplar Homes/input__email'

2021-08-31 08:29:08 - [MESSAGE][PASSED] - Text 'jerrold+hthornhill334@onerent.co' is set on object 'Object Repository/Login_TestObjects/Page_Poplar Homes/input__email'

2021-08-31 08:29:08 - [TEST_STEP][PASSED] - setEncryptedText(findTestObject("Object Repository/Login_TestObjects/Page_Poplar Homes/input__password"), "pK4N7w/gtfGay7FzPRwAOg=="): Text ****** has been set on object 'Object Repository/Login_TestObjects/Page_Poplar Homes/input__password'

2021-08-31 08:29:08 - [MESSAGE][PASSED] - Text ****** has been set on object 'Object Repository/Login_TestObjects/Page_Poplar Homes/input__password'

2021-08-31 08:29:08 - [TEST_STEP][PASSED] - click(findTestObject("Object Repository/Login_TestObjects/Page_Poplar Homes/button_Log in")): Object: 'Object Repository/Login_TestObjects/Page_Poplar Homes/button_Log in' is clicked on

2021-08-31 08:29:09 - [MESSAGE][PASSED] - Object: 'Object Repository/Login_TestObjects/Page_Poplar Homes/button_Log in' is clicked on

2021-08-31 08:29:09 - [TEST_STEP][PASSED] - delay(10, STOP_ON_FAILURE): Delayed 10 second(s)

2021-08-31 08:29:19 - [MESSAGE][PASSED] - Delayed 10 second(s)

2021-08-31 08:29:19 - [TEST_STEP][PASSED] - waitForElementVisible(findTestObject("Login_TestObjects/Page_Poplar Homes/div_General DetailsCompleted"), 10, STOP_ON_FAILURE): Object 'Object Repository/Login_TestObjects/Page_Poplar Homes/div_General DetailsCompleted' is visible

2021-08-31 08:29:24 - [MESSAGE][PASSED] - Object 'Object Repository/Login_TestObjects/Page_Poplar Homes/div_General DetailsCompleted' is visible]]></system-out>
         <system-err><![CDATA[]]></system-err>
      </testcase>
      <testcase name="Test Cases/Profile_Tab/Group_Details/Actions/TC03 - Add Co-signer" time="38.571" classname="Test Cases/Profile_Tab/Group_Details/Actions/TC03 - Add Co-signer" status="PASSED">
         <system-out><![CDATA[2021-08-31 08:29:24 - [TEST_CASE][PASSED] - Test Cases/Profile_Tab/Group_Details/Actions/TC03 - Add Co-signer: Test Cases/Profile_Tab/Group_Details/Actions/TC03 - Add Co-signer

2021-08-31 08:29:25 - [TEST_STEP][PASSED] - click(findTestObject("Object Repository/Actions_Addcosigner/Page_addcosigner/div_Group DetailsCompleted")): Object: 'Object Repository/Actions_Addcosigner/Page_addcosigner/div_Group DetailsCompleted' is clicked on

2021-08-31 08:29:25 - [MESSAGE][PASSED] - Object: 'Object Repository/Actions_Addcosigner/Page_addcosigner/div_Group DetailsCompleted' is clicked on

2021-08-31 08:29:25 - [TEST_STEP][PASSED] - click(findTestObject("Object Repository/Actions_Addcosigner/Page_addcosigner/button_Actions")): Object: 'Object Repository/Actions_Addcosigner/Page_addcosigner/button_Actions' is clicked on

2021-08-31 08:29:36 - [MESSAGE][PASSED] - Object: 'Object Repository/Actions_Addcosigner/Page_addcosigner/button_Actions' is clicked on

2021-08-31 08:29:36 - [TEST_STEP][PASSED] - click(findTestObject("Object Repository/Actions_Addcosigner/Page_addcosigner/button_Add Co-signer")): Object: 'Object Repository/Actions_Addcosigner/Page_addcosigner/button_Add Co-signer' is clicked on

2021-08-31 08:29:36 - [MESSAGE][PASSED] - Object: 'Object Repository/Actions_Addcosigner/Page_addcosigner/button_Add Co-signer' is clicked on

2021-08-31 08:29:36 - [TEST_STEP][PASSED] - setText(findTestObject("Object Repository/Actions_Addcosigner/Page_addcosigner/input__firstName"), "Katy Perry"): Text 'Katy Perry' is set on object 'Object Repository/Actions_Addcosigner/Page_addcosigner/input__firstName'

2021-08-31 08:29:37 - [MESSAGE][PASSED] - Text 'Katy Perry' is set on object 'Object Repository/Actions_Addcosigner/Page_addcosigner/input__firstName'

2021-08-31 08:29:37 - [TEST_STEP][PASSED] - setText(findTestObject("Object Repository/Actions_Addcosigner/Page_addcosigner/input__lastName"), "Hilary"): Text 'Hilary' is set on object 'Object Repository/Actions_Addcosigner/Page_addcosigner/input__lastName'

2021-08-31 08:29:38 - [MESSAGE][PASSED] - Text 'Hilary' is set on object 'Object Repository/Actions_Addcosigner/Page_addcosigner/input__lastName'

2021-08-31 08:29:38 - [TEST_STEP][PASSED] - setText(findTestObject("Object Repository/Actions_Addcosigner/Page_addcosigner/input__email_1"), "katyperryhilary@gmail.com"): Text 'katyperryhilary@gmail.com' is set on object 'Object Repository/Actions_Addcosigner/Page_addcosigner/input__email_1'

2021-08-31 08:29:39 - [MESSAGE][PASSED] - Text 'katyperryhilary@gmail.com' is set on object 'Object Repository/Actions_Addcosigner/Page_addcosigner/input__email_1'

2021-08-31 08:29:39 - [TEST_STEP][PASSED] - setText(findTestObject("Object Repository/Actions_Addcosigner/Page_addcosigner/input__phone"), "1 (231) 231-2312"): Text '1 (231) 231-2312' is set on object 'Object Repository/Actions_Addcosigner/Page_addcosigner/input__phone'

2021-08-31 08:29:40 - [MESSAGE][PASSED] - Text '1 (231) 231-2312' is set on object 'Object Repository/Actions_Addcosigner/Page_addcosigner/input__phone'

2021-08-31 08:29:40 - [TEST_STEP][PASSED] - selectOptionByValue(findTestObject("Object Repository/Actions_Addcosigner/Page_addcosigner/select_MonthJanuaryFebruaryMarchAprilMayJun_aa9ebb"), "March", true): All options with value 'March' are selected in object 'Object Repository/Actions_Addcosigner/Page_addcosigner/select_MonthJanuaryFebruaryMarchAprilMayJun_aa9ebb'  using regular expression

2021-08-31 08:29:41 - [MESSAGE][PASSED] - All options with value 'March' are selected in object 'Object Repository/Actions_Addcosigner/Page_addcosigner/select_MonthJanuaryFebruaryMarchAprilMayJun_aa9ebb'  using regular expression

2021-08-31 08:29:41 - [TEST_STEP][PASSED] - selectOptionByValue(findTestObject("Object Repository/Actions_Addcosigner/Page_addcosigner/select_Day123456789101112131415161718192021_40ab5b"), "9", true): All options with value '9' are selected in object 'Object Repository/Actions_Addcosigner/Page_addcosigner/select_Day123456789101112131415161718192021_40ab5b'  using regular expression

2021-08-31 08:29:43 - [MESSAGE][PASSED] - All options with value '9' are selected in object 'Object Repository/Actions_Addcosigner/Page_addcosigner/select_Day123456789101112131415161718192021_40ab5b'  using regular expression

2021-08-31 08:29:43 - [TEST_STEP][PASSED] - selectOptionByValue(findTestObject("Object Repository/Actions_Addcosigner/Page_addcosigner/select_Year20212020201920182017201620152014_f874ed"), "1990", true): All options with value '1990' are selected in object 'Object Repository/Actions_Addcosigner/Page_addcosigner/select_Year20212020201920182017201620152014_f874ed'  using regular expression

2021-08-31 08:29:47 - [MESSAGE][PASSED] - All options with value '1990' are selected in object 'Object Repository/Actions_Addcosigner/Page_addcosigner/select_Year20212020201920182017201620152014_f874ed'  using regular expression

2021-08-31 08:29:47 - [TEST_STEP][PASSED] - setText(findTestObject("Object Repository/Actions_Addcosigner/Page_addcosigner/input__fullAddress"), "9"): Text '9' is set on object 'Object Repository/Actions_Addcosigner/Page_addcosigner/input__fullAddress'

2021-08-31 08:29:48 - [MESSAGE][PASSED] - Text '9' is set on object 'Object Repository/Actions_Addcosigner/Page_addcosigner/input__fullAddress'

2021-08-31 08:29:48 - [TEST_STEP][PASSED] - delay(5): Delayed 5 second(s)

2021-08-31 08:29:53 - [MESSAGE][PASSED] - Delayed 5 second(s)

2021-08-31 08:29:53 - [TEST_STEP][PASSED] - click(findTestObject("Object Repository/Actions_Addcosigner/Page_addcosigner/p_95 Wall Street, New York, NY, USA")): Object: 'Object Repository/Actions_Addcosigner/Page_addcosigner/p_95 Wall Street, New York, NY, USA' is clicked on

2021-08-31 08:29:53 - [MESSAGE][PASSED] - Object: 'Object Repository/Actions_Addcosigner/Page_addcosigner/p_95 Wall Street, New York, NY, USA' is clicked on

2021-08-31 08:29:53 - [TEST_STEP][PASSED] - setText(findTestObject("Object Repository/Actions_Addcosigner/Page_addcosigner/input__unitNumber"), "123"): Text '123' is set on object 'Object Repository/Actions_Addcosigner/Page_addcosigner/input__unitNumber'

2021-08-31 08:29:54 - [MESSAGE][PASSED] - Text '123' is set on object 'Object Repository/Actions_Addcosigner/Page_addcosigner/input__unitNumber'

2021-08-31 08:29:54 - [TEST_STEP][PASSED] - click(findTestObject("Object Repository/Actions_Addcosigner/Page_addcosigner/button_Contractor  Freelancer")): Object: 'Object Repository/Actions_Addcosigner/Page_addcosigner/button_Contractor  Freelancer' is clicked on

2021-08-31 08:29:55 - [MESSAGE][PASSED] - Object: 'Object Repository/Actions_Addcosigner/Page_addcosigner/button_Contractor  Freelancer' is clicked on

2021-08-31 08:29:55 - [TEST_STEP][PASSED] - setText(findTestObject("Object Repository/Actions_Addcosigner/Page_addcosigner/input__employer"), "Starbucks"): Text 'Starbucks' is set on object 'Object Repository/Actions_Addcosigner/Page_addcosigner/input__employer'

2021-08-31 08:29:55 - [MESSAGE][PASSED] - Text 'Starbucks' is set on object 'Object Repository/Actions_Addcosigner/Page_addcosigner/input__employer'

2021-08-31 08:29:55 - [TEST_STEP][PASSED] - setText(findTestObject("Object Repository/Actions_Addcosigner/Page_addcosigner/input__employmentStatement"), "Senior Barista"): Text 'Senior Barista' is set on object 'Object Repository/Actions_Addcosigner/Page_addcosigner/input__employmentStatement'

2021-08-31 08:29:56 - [MESSAGE][PASSED] - Text 'Senior Barista' is set on object 'Object Repository/Actions_Addcosigner/Page_addcosigner/input__employmentStatement'

2021-08-31 08:29:56 - [TEST_STEP][PASSED] - setText(findTestObject("Object Repository/Actions_Addcosigner/Page_addcosigner/input__declaredMonthlyIncome"), "1000"): Text '1000' is set on object 'Object Repository/Actions_Addcosigner/Page_addcosigner/input__declaredMonthlyIncome'

2021-08-31 08:29:57 - [MESSAGE][PASSED] - Text '1000' is set on object 'Object Repository/Actions_Addcosigner/Page_addcosigner/input__declaredMonthlyIncome'

2021-08-31 08:29:57 - [TEST_STEP][PASSED] - setText(findTestObject("Object Repository/Actions_Addcosigner/Page_addcosigner/input__workEmail"), "katy@starbucks.com"): Text 'katy@starbucks.com' is set on object 'Object Repository/Actions_Addcosigner/Page_addcosigner/input__workEmail'

2021-08-31 08:29:58 - [MESSAGE][PASSED] - Text 'katy@starbucks.com' is set on object 'Object Repository/Actions_Addcosigner/Page_addcosigner/input__workEmail'

2021-08-31 08:29:58 - [TEST_STEP][PASSED] - setText(findTestObject("Object Repository/Actions_Addcosigner/Page_addcosigner/input__employerEmail"), "recruitmenthr@starbucks.com"): Text 'recruitmenthr@starbucks.com' is set on object 'Object Repository/Actions_Addcosigner/Page_addcosigner/input__employerEmail'

2021-08-31 08:29:59 - [MESSAGE][PASSED] - Text 'recruitmenthr@starbucks.com' is set on object 'Object Repository/Actions_Addcosigner/Page_addcosigner/input__employerEmail'

2021-08-31 08:29:59 - [TEST_STEP][PASSED] - setText(findTestObject("Object Repository/Actions_Addcosigner/Page_addcosigner/input__employerPhone"), "1 (231) 231-2312"): Text '1 (231) 231-2312' is set on object 'Object Repository/Actions_Addcosigner/Page_addcosigner/input__employerPhone'

2021-08-31 08:30:00 - [MESSAGE][PASSED] - Text '1 (231) 231-2312' is set on object 'Object Repository/Actions_Addcosigner/Page_addcosigner/input__employerPhone'

2021-08-31 08:30:00 - [TEST_STEP][PASSED] - click(findTestObject("Object Repository/Actions_Addcosigner/Page_addcosigner/button_650-700")): Object: 'Object Repository/Actions_Addcosigner/Page_addcosigner/button_650-700' is clicked on

2021-08-31 08:30:01 - [MESSAGE][PASSED] - Object: 'Object Repository/Actions_Addcosigner/Page_addcosigner/button_650-700' is clicked on

2021-08-31 08:30:01 - [TEST_STEP][PASSED] - click(findTestObject("Object Repository/Actions_Addcosigner/Page_addcosigner/label_Yes")): Object: 'Object Repository/Actions_Addcosigner/Page_addcosigner/label_Yes' is clicked on

2021-08-31 08:30:01 - [MESSAGE][PASSED] - Object: 'Object Repository/Actions_Addcosigner/Page_addcosigner/label_Yes' is clicked on

2021-08-31 08:30:01 - [TEST_STEP][PASSED] - setEncryptedText(findTestObject("Object Repository/Actions_Addcosigner/Page_addcosigner/input_No_ssn"), "nwr9I1qT+J0GbQ++JlYjHw=="): Text ****** has been set on object 'Object Repository/Actions_Addcosigner/Page_addcosigner/input_No_ssn'

2021-08-31 08:30:02 - [MESSAGE][PASSED] - Text ****** has been set on object 'Object Repository/Actions_Addcosigner/Page_addcosigner/input_No_ssn'

2021-08-31 08:30:02 - [TEST_STEP][PASSED] - click(findTestObject("Object Repository/Actions_Addcosigner/Page_addcosigner/button_Save")): Object: 'Object Repository/Actions_Addcosigner/Page_addcosigner/button_Save' is clicked on

2021-08-31 08:30:02 - [MESSAGE][PASSED] - Object: 'Object Repository/Actions_Addcosigner/Page_addcosigner/button_Save' is clicked on

2021-08-31 08:30:02 - [TEST_STEP][PASSED] - closeBrowser(): Browser is closed

2021-08-31 08:30:03 - [MESSAGE][PASSED] - Browser is closed]]></system-out>
         <system-err><![CDATA[]]></system-err>
      </testcase>
      <system-out><![CDATA[2021-08-31 08:28:47 - [TEST_SUITE][PASSED] - TS03 - Login, Add Cosigner: Test Cases/Profile_Tab/Group_Details/Actions/TC03 - Add Co-signer]]></system-out>
      <system-err><![CDATA[]]></system-err>
   </testsuite>
</testsuites>
